# JRE version: OpenJDK Runtime Environment (17.0.9) (build 17.0.9+0--11185874)
# Java VM: OpenJDK 64-Bit Server VM (17.0.9+0--11185874, mixed mode, tiered, compressed oops, compressed class ptrs, g1 gc, windows-amd64)
GC Precious Log:
 CPUs: 8 total, 8 available
 Memory: 6091M
 Large Page Support: Disabled
 NUMA Support: Disabled
 Compressed Oops: Enabled (32-bit)
 Heap Region Size: 1M
 Heap Min Capacity: 8M
 Heap Initial Capacity: 96M
 Heap Max Capacity: 2G
 Pre-touch: Disabled
 Parallel Workers: 8
 Concurrent Workers: 2
 Concurrent Refinement Workers: 8
 Periodic GC: Disabled
Heap:
 garbage-first heap   total 261120K, used 211038K [0x0000000080000000, 0x0000000100000000)
  region size 1024K, 2 young (2048K), 2 survivors (2048K)
 Metaspace       used 107374K, committed 108160K, reserved 1179648K
  class space    used 14887K, committed 15296K, reserved 1048576K
GC Heap History (20 events):
Event: 73.439 GC heap after
{Heap after GC invocations=58 (full 0):
 garbage-first heap   total 178176K, used 113769K [0x0000000080000000, 0x0000000100000000)
  region size 1024K, 4 young (4096K), 4 survivors (4096K)
 Metaspace       used 102616K, committed 103360K, reserved 1179648K
  class space    used 14200K, committed 14592K, reserved 1048576K
}
Event: 74.335 GC heap before
{Heap before GC invocations=58 (full 0):
 garbage-first heap   total 178176K, used 147561K [0x0000000080000000, 0x0000000100000000)
  region size 1024K, 38 young (38912K), 4 survivors (4096K)
 Metaspace       used 102755K, committed 103488K, reserved 1179648K
  class space    used 14222K, committed 14592K, reserved 1048576K
}
Event: 74.345 GC heap after
{Heap after GC invocations=59 (full 0):
 garbage-first heap   total 178176K, used 116376K [0x0000000080000000, 0x0000000100000000)
  region size 1024K, 4 young (4096K), 4 survivors (4096K)
 Metaspace       used 102755K, committed 103488K, reserved 1179648K
  class space    used 14222K, committed 14592K, reserved 1048576K
}
Event: 75.675 GC heap before
{Heap before GC invocations=59 (full 0):
 garbage-first heap   total 178176K, used 148120K [0x0000000080000000, 0x0000000100000000)
  region size 1024K, 36 young (36864K), 4 survivors (4096K)
 Metaspace       used 103585K, committed 104320K, reserved 1179648K
  class space    used 14328K, committed 14720K, reserved 1048576K
}
Event: 75.685 GC heap after
{Heap after GC invocations=60 (full 0):
 garbage-first heap   total 178176K, used 118905K [0x0000000080000000, 0x0000000100000000)
  region size 1024K, 3 young (3072K), 3 survivors (3072K)
 Metaspace       used 103585K, committed 104320K, reserved 1179648K
  class space    used 14328K, committed 14720K, reserved 1048576K
}
Event: 76.116 GC heap before
{Heap before GC invocations=60 (full 0):
 garbage-first heap   total 178176K, used 146553K [0x0000000080000000, 0x0000000100000000)
  region size 1024K, 20 young (20480K), 3 survivors (3072K)
 Metaspace       used 103775K, committed 104576K, reserved 1179648K
  class space    used 14350K, committed 14720K, reserved 1048576K
}
Event: 76.125 GC heap after
{Heap after GC invocations=61 (full 0):
 garbage-first heap   total 178176K, used 133920K [0x0000000080000000, 0x0000000100000000)
  region size 1024K, 5 young (5120K), 5 survivors (5120K)
 Metaspace       used 103775K, committed 104576K, reserved 1179648K
  class space    used 14350K, committed 14720K, reserved 1048576K
}
Event: 76.392 GC heap before
{Heap before GC invocations=61 (full 0):
 garbage-first heap   total 178176K, used 145184K [0x0000000080000000, 0x0000000100000000)
  region size 1024K, 9 young (9216K), 5 survivors (5120K)
 Metaspace       used 103787K, committed 104576K, reserved 1179648K
  class space    used 14350K, committed 14720K, reserved 1048576K
}
Event: 76.401 GC heap after
{Heap after GC invocations=62 (full 0):
 garbage-first heap   total 178176K, used 146395K [0x0000000080000000, 0x0000000100000000)
  region size 1024K, 3 young (3072K), 3 survivors (3072K)
 Metaspace       used 103787K, committed 104576K, reserved 1179648K
  class space    used 14350K, committed 14720K, reserved 1048576K
}
Event: 77.071 GC heap before
{Heap before GC invocations=63 (full 0):
 garbage-first heap   total 261120K, used 157659K [0x0000000080000000, 0x0000000100000000)
  region size 1024K, 8 young (8192K), 3 survivors (3072K)
 Metaspace       used 103990K, committed 104768K, reserved 1179648K
  class space    used 14394K, committed 14784K, reserved 1048576K
}
Event: 77.077 GC heap after
{Heap after GC invocations=64 (full 0):
 garbage-first heap   total 261120K, used 155779K [0x0000000080000000, 0x0000000100000000)
  region size 1024K, 1 young (1024K), 1 survivors (1024K)
 Metaspace       used 103990K, committed 104768K, reserved 1179648K
  class space    used 14394K, committed 14784K, reserved 1048576K
}
Event: 78.064 GC heap before
{Heap before GC invocations=64 (full 0):
 garbage-first heap   total 261120K, used 166019K [0x0000000080000000, 0x0000000100000000)
  region size 1024K, 12 young (12288K), 1 survivors (1024K)
 Metaspace       used 105459K, committed 106240K, reserved 1179648K
  class space    used 14609K, committed 14976K, reserved 1048576K
}
Event: 78.073 GC heap after
{Heap after GC invocations=65 (full 0):
 garbage-first heap   total 261120K, used 154658K [0x0000000080000000, 0x0000000100000000)
  region size 1024K, 2 young (2048K), 2 survivors (2048K)
 Metaspace       used 105459K, committed 106240K, reserved 1179648K
  class space    used 14609K, committed 14976K, reserved 1048576K
}
Event: 79.166 GC heap before
{Heap before GC invocations=65 (full 0):
 garbage-first heap   total 261120K, used 234530K [0x0000000080000000, 0x0000000100000000)
  region size 1024K, 33 young (33792K), 2 survivors (2048K)
 Metaspace       used 107082K, committed 107840K, reserved 1179648K
  class space    used 14843K, committed 15232K, reserved 1048576K
}
Event: 79.175 GC heap after
{Heap after GC invocations=66 (full 0):
 garbage-first heap   total 261120K, used 180804K [0x0000000080000000, 0x0000000100000000)
  region size 1024K, 5 young (5120K), 5 survivors (5120K)
 Metaspace       used 107082K, committed 107840K, reserved 1179648K
  class space    used 14843K, committed 15232K, reserved 1048576K
}
Event: 80.256 GC heap before
{Heap before GC invocations=66 (full 0):
 garbage-first heap   total 261120K, used 227908K [0x0000000080000000, 0x0000000100000000)
  region size 1024K, 28 young (28672K), 5 survivors (5120K)
 Metaspace       used 107373K, committed 108160K, reserved 1179648K
  class space    used 14887K, committed 15296K, reserved 1048576K
}
Event: 80.276 GC heap after
{Heap after GC invocations=67 (full 0):
 garbage-first heap   total 261120K, used 198194K [0x0000000080000000, 0x0000000100000000)
  region size 1024K, 4 young (4096K), 4 survivors (4096K)
 Metaspace       used 107373K, committed 108160K, reserved 1179648K
  class space    used 14887K, committed 15296K, reserved 1048576K
}
Event: 80.665 GC heap before
{Heap before GC invocations=67 (full 0):
 garbage-first heap   total 261120K, used 213554K [0x0000000080000000, 0x0000000100000000)
  region size 1024K, 19 young (19456K), 4 survivors (4096K)
 Metaspace       used 107374K, committed 108160K, reserved 1179648K
  class space    used 14887K, committed 15296K, reserved 1048576K
}
Event: 80.681 GC heap after
{Heap after GC invocations=68 (full 0):
 garbage-first heap   total 261120K, used 206224K [0x0000000080000000, 0x0000000100000000)
  region size 1024K, 3 young (3072K), 3 survivors (3072K)
 Metaspace       used 107374K, committed 108160K, reserved 1179648K
  class space    used 14887K, committed 15296K, reserved 1048576K
}
Event: 80.948 GC heap before
{Heap before GC invocations=68 (full 0):
 garbage-first heap   total 261120K, used 218512K [0x0000000080000000, 0x0000000100000000)
  region size 1024K, 15 young (15360K), 3 survivors (3072K)
 Metaspace       used 107374K, committed 108160K, reserved 1179648K
  class space    used 14887K, committed 15296K, reserved 1048576K
}

