# JRE version: OpenJDK Runtime Environment (17.0.9) (build 17.0.9+0--11185874)
# Java VM: OpenJDK 64-Bit Server VM (17.0.9+0--11185874, mixed mode, tiered, compressed oops, compressed class ptrs, g1 gc, windows-amd64)
GC Precious Log:
 CPUs: 8 total, 8 available
 Memory: 6091M
 Large Page Support: Disabled
 NUMA Support: Disabled
 Compressed Oops: Enabled (32-bit)
 Heap Region Size: 1M
 Heap Min Capacity: 8M
 Heap Initial Capacity: 96M
 Heap Max Capacity: 2G
 Pre-touch: Disabled
 Parallel Workers: 8
 Concurrent Workers: 2
 Concurrent Refinement Workers: 8
 Periodic GC: Disabled
Heap:
 garbage-first heap   total 240640K, used 175509K [0x0000000080000000, 0x0000000100000000)
  region size 1024K, 7 young (7168K), 2 survivors (2048K)
 Metaspace       used 112792K, committed 113536K, reserved 1179648K
  class space    used 15382K, committed 15744K, reserved 1048576K
GC Heap History (20 events):
Event: 97.637 GC heap before
{Heap before GC invocations=49 (full 0):
 garbage-first heap   total 174080K, used 148816K [0x0000000080000000, 0x0000000100000000)
  region size 1024K, 8 young (8192K), 1 survivors (1024K)
 Metaspace       used 107182K, committed 107968K, reserved 1179648K
  class space    used 14734K, committed 15104K, reserved 1048576K
}
Event: 97.645 GC heap after
{Heap after GC invocations=50 (full 0):
 garbage-first heap   total 209920K, used 142959K [0x0000000080000000, 0x0000000100000000)
  region size 1024K, 1 young (1024K), 1 survivors (1024K)
 Metaspace       used 107182K, committed 107968K, reserved 1179648K
  class space    used 14734K, committed 15104K, reserved 1048576K
}
Event: 98.326 GC heap before
{Heap before GC invocations=51 (full 0):
 garbage-first heap   total 240640K, used 162415K [0x0000000080000000, 0x0000000100000000)
  region size 1024K, 21 young (21504K), 1 survivors (1024K)
 Metaspace       used 108403K, committed 109184K, reserved 1179648K
  class space    used 14864K, committed 15232K, reserved 1048576K
}
Event: 98.346 GC heap after
{Heap after GC invocations=52 (full 0):
 garbage-first heap   total 240640K, used 144051K [0x0000000080000000, 0x0000000100000000)
  region size 1024K, 2 young (2048K), 2 survivors (2048K)
 Metaspace       used 108403K, committed 109184K, reserved 1179648K
  class space    used 14864K, committed 15232K, reserved 1048576K
}
Event: 98.499 GC heap before
{Heap before GC invocations=52 (full 0):
 garbage-first heap   total 240640K, used 152243K [0x0000000080000000, 0x0000000100000000)
  region size 1024K, 11 young (11264K), 2 survivors (2048K)
 Metaspace       used 108676K, committed 109504K, reserved 1179648K
  class space    used 14905K, committed 15296K, reserved 1048576K
}
Event: 98.506 GC heap after
{Heap after GC invocations=53 (full 0):
 garbage-first heap   total 240640K, used 142008K [0x0000000080000000, 0x0000000100000000)
  region size 1024K, 2 young (2048K), 2 survivors (2048K)
 Metaspace       used 108676K, committed 109504K, reserved 1179648K
  class space    used 14905K, committed 15296K, reserved 1048576K
}
Event: 100.118 GC heap before
{Heap before GC invocations=53 (full 0):
 garbage-first heap   total 240640K, used 178872K [0x0000000080000000, 0x0000000100000000)
  region size 1024K, 38 young (38912K), 2 survivors (2048K)
 Metaspace       used 109643K, committed 110464K, reserved 1179648K
  class space    used 15000K, committed 15424K, reserved 1048576K
}
Event: 100.138 GC heap after
{Heap after GC invocations=54 (full 0):
 garbage-first heap   total 240640K, used 143941K [0x0000000080000000, 0x0000000100000000)
  region size 1024K, 4 young (4096K), 4 survivors (4096K)
 Metaspace       used 109643K, committed 110464K, reserved 1179648K
  class space    used 15000K, committed 15424K, reserved 1048576K
}
Event: 101.920 GC heap before
{Heap before GC invocations=54 (full 0):
 garbage-first heap   total 240640K, used 182853K [0x0000000080000000, 0x0000000100000000)
  region size 1024K, 43 young (44032K), 4 survivors (4096K)
 Metaspace       used 110226K, committed 110976K, reserved 1179648K
  class space    used 15066K, committed 15424K, reserved 1048576K
}
Event: 101.938 GC heap after
{Heap after GC invocations=55 (full 0):
 garbage-first heap   total 240640K, used 147930K [0x0000000080000000, 0x0000000100000000)
  region size 1024K, 6 young (6144K), 6 survivors (6144K)
 Metaspace       used 110226K, committed 110976K, reserved 1179648K
  class space    used 15066K, committed 15424K, reserved 1048576K
}
Event: 105.240 GC heap before
{Heap before GC invocations=55 (full 0):
 garbage-first heap   total 240640K, used 186842K [0x0000000080000000, 0x0000000100000000)
  region size 1024K, 45 young (46080K), 6 survivors (6144K)
 Metaspace       used 111957K, committed 112704K, reserved 1179648K
  class space    used 15276K, committed 15616K, reserved 1048576K
}
Event: 105.264 GC heap after
{Heap after GC invocations=56 (full 0):
 garbage-first heap   total 240640K, used 152061K [0x0000000080000000, 0x0000000100000000)
  region size 1024K, 5 young (5120K), 5 survivors (5120K)
 Metaspace       used 111957K, committed 112704K, reserved 1179648K
  class space    used 15276K, committed 15616K, reserved 1048576K
}
Event: 106.130 GC heap before
{Heap before GC invocations=56 (full 0):
 garbage-first heap   total 240640K, used 189949K [0x0000000080000000, 0x0000000100000000)
  region size 1024K, 43 young (44032K), 5 survivors (5120K)
 Metaspace       used 112039K, committed 112832K, reserved 1179648K
  class space    used 15285K, committed 15680K, reserved 1048576K
}
Event: 106.146 GC heap after
{Heap after GC invocations=57 (full 0):
 garbage-first heap   total 240640K, used 155042K [0x0000000080000000, 0x0000000100000000)
  region size 1024K, 4 young (4096K), 4 survivors (4096K)
 Metaspace       used 112039K, committed 112832K, reserved 1179648K
  class space    used 15285K, committed 15680K, reserved 1048576K
}
Event: 107.694 GC heap before
{Heap before GC invocations=57 (full 0):
 garbage-first heap   total 240640K, used 200098K [0x0000000080000000, 0x0000000100000000)
  region size 1024K, 43 young (44032K), 4 survivors (4096K)
 Metaspace       used 112403K, committed 113152K, reserved 1179648K
  class space    used 15326K, committed 15680K, reserved 1048576K
}
Event: 107.707 GC heap after
{Heap after GC invocations=58 (full 0):
 garbage-first heap   total 240640K, used 163738K [0x0000000080000000, 0x0000000100000000)
  region size 1024K, 6 young (6144K), 6 survivors (6144K)
 Metaspace       used 112403K, committed 113152K, reserved 1179648K
  class space    used 15326K, committed 15680K, reserved 1048576K
}
Event: 108.199 GC heap before
{Heap before GC invocations=58 (full 0):
 garbage-first heap   total 240640K, used 188314K [0x0000000080000000, 0x0000000100000000)
  region size 1024K, 13 young (13312K), 6 survivors (6144K)
 Metaspace       used 112437K, committed 113216K, reserved 1179648K
  class space    used 15330K, committed 15680K, reserved 1048576K
}
Event: 108.225 GC heap after
{Heap after GC invocations=59 (full 0):
 garbage-first heap   total 240640K, used 189890K [0x0000000080000000, 0x0000000100000000)
  region size 1024K, 5 young (5120K), 5 survivors (5120K)
 Metaspace       used 112437K, committed 113216K, reserved 1179648K
  class space    used 15330K, committed 15680K, reserved 1048576K
}
Event: 108.654 GC heap before
{Heap before GC invocations=59 (full 0):
 garbage-first heap   total 240640K, used 202178K [0x0000000080000000, 0x0000000100000000)
  region size 1024K, 15 young (15360K), 5 survivors (5120K)
 Metaspace       used 112707K, committed 113472K, reserved 1179648K
  class space    used 15372K, committed 15744K, reserved 1048576K
}
Event: 108.671 GC heap after
{Heap after GC invocations=60 (full 0):
 garbage-first heap   total 240640K, used 194965K [0x0000000080000000, 0x0000000100000000)
  region size 1024K, 2 young (2048K), 2 survivors (2048K)
 Metaspace       used 112707K, committed 113472K, reserved 1179648K
  class space    used 15372K, committed 15744K, reserved 1048576K
}

