# JRE version: OpenJDK Runtime Environment (17.0.9) (build 17.0.9+0--11185874)
# Java VM: OpenJDK 64-Bit Server VM (17.0.9+0--11185874, mixed mode, tiered, compressed oops, compressed class ptrs, g1 gc, windows-amd64)
GC Precious Log:
 CPUs: 8 total, 8 available
 Memory: 6091M
 Large Page Support: Disabled
 NUMA Support: Disabled
 Compressed Oops: Enabled (32-bit)
 Heap Region Size: 1M
 Heap Min Capacity: 8M
 Heap Initial Capacity: 96M
 Heap Max Capacity: 2G
 Pre-touch: Disabled
 Parallel Workers: 8
 Concurrent Workers: 2
 Concurrent Refinement Workers: 8
 Periodic GC: Disabled
Heap:
 garbage-first heap   total 158720K, used 99493K [0x0000000080000000, 0x0000000100000000)
  region size 1024K, 11 young (11264K), 1 survivors (1024K)
 Metaspace       used 92760K, committed 93440K, reserved 1179648K
  class space    used 12900K, committed 13248K, reserved 1048576K
GC Heap History (20 events):
Event: 68.749 GC heap before
{Heap before GC invocations=46 (full 0):
 garbage-first heap   total 130048K, used 105301K [0x0000000080000000, 0x0000000100000000)
  region size 1024K, 31 young (31744K), 3 survivors (3072K)
 Metaspace       used 79494K, committed 80128K, reserved 1179648K
  class space    used 10798K, committed 11136K, reserved 1048576K
}
Event: 68.760 GC heap after
{Heap after GC invocations=47 (full 0):
 garbage-first heap   total 130048K, used 79573K [0x0000000080000000, 0x0000000100000000)
  region size 1024K, 4 young (4096K), 4 survivors (4096K)
 Metaspace       used 79494K, committed 80128K, reserved 1179648K
  class space    used 10798K, committed 11136K, reserved 1048576K
}
Event: 70.180 GC heap before
{Heap before GC invocations=47 (full 0):
 garbage-first heap   total 130048K, used 106197K [0x0000000080000000, 0x0000000100000000)
  region size 1024K, 31 young (31744K), 4 survivors (4096K)
 Metaspace       used 80844K, committed 81472K, reserved 1179648K
  class space    used 10983K, committed 11328K, reserved 1048576K
}
Event: 70.190 GC heap after
{Heap after GC invocations=48 (full 0):
 garbage-first heap   total 130048K, used 81213K [0x0000000080000000, 0x0000000100000000)
  region size 1024K, 2 young (2048K), 2 survivors (2048K)
 Metaspace       used 80844K, committed 81472K, reserved 1179648K
  class space    used 10983K, committed 11328K, reserved 1048576K
}
Event: 71.295 GC heap before
{Heap before GC invocations=48 (full 0):
 garbage-first heap   total 130048K, used 107837K [0x0000000080000000, 0x0000000100000000)
  region size 1024K, 28 young (28672K), 2 survivors (2048K)
 Metaspace       used 82538K, committed 83264K, reserved 1179648K
  class space    used 11228K, committed 11584K, reserved 1048576K
}
Event: 71.302 GC heap after
{Heap after GC invocations=49 (full 0):
 garbage-first heap   total 130048K, used 82038K [0x0000000080000000, 0x0000000100000000)
  region size 1024K, 3 young (3072K), 3 survivors (3072K)
 Metaspace       used 82538K, committed 83264K, reserved 1179648K
  class space    used 11228K, committed 11584K, reserved 1048576K
}
Event: 72.772 GC heap before
{Heap before GC invocations=49 (full 0):
 garbage-first heap   total 130048K, used 107638K [0x0000000080000000, 0x0000000100000000)
  region size 1024K, 29 young (29696K), 3 survivors (3072K)
 Metaspace       used 84495K, committed 85120K, reserved 1179648K
  class space    used 11654K, committed 11968K, reserved 1048576K
}
Event: 72.780 GC heap after
{Heap after GC invocations=50 (full 0):
 garbage-first heap   total 130048K, used 82752K [0x0000000080000000, 0x0000000100000000)
  region size 1024K, 2 young (2048K), 2 survivors (2048K)
 Metaspace       used 84495K, committed 85120K, reserved 1179648K
  class space    used 11654K, committed 11968K, reserved 1048576K
}
Event: 74.797 GC heap before
{Heap before GC invocations=50 (full 0):
 garbage-first heap   total 130048K, used 110400K [0x0000000080000000, 0x0000000100000000)
  region size 1024K, 29 young (29696K), 2 survivors (2048K)
 Metaspace       used 86458K, committed 87104K, reserved 1179648K
  class space    used 11953K, committed 12288K, reserved 1048576K
}
Event: 74.803 GC heap after
{Heap after GC invocations=51 (full 0):
 garbage-first heap   total 130048K, used 83840K [0x0000000080000000, 0x0000000100000000)
  region size 1024K, 3 young (3072K), 3 survivors (3072K)
 Metaspace       used 86458K, committed 87104K, reserved 1179648K
  class space    used 11953K, committed 12288K, reserved 1048576K
}
Event: 77.798 GC heap before
{Heap before GC invocations=51 (full 0):
 garbage-first heap   total 130048K, used 110464K [0x0000000080000000, 0x0000000100000000)
  region size 1024K, 29 young (29696K), 3 survivors (3072K)
 Metaspace       used 88120K, committed 88768K, reserved 1179648K
  class space    used 12207K, committed 12544K, reserved 1048576K
}
Event: 77.806 GC heap after
{Heap after GC invocations=52 (full 0):
 garbage-first heap   total 130048K, used 85157K [0x0000000080000000, 0x0000000100000000)
  region size 1024K, 4 young (4096K), 4 survivors (4096K)
 Metaspace       used 88120K, committed 88768K, reserved 1179648K
  class space    used 12207K, committed 12544K, reserved 1048576K
}
Event: 80.373 GC heap before
{Heap before GC invocations=52 (full 0):
 garbage-first heap   total 130048K, used 109733K [0x0000000080000000, 0x0000000100000000)
  region size 1024K, 29 young (29696K), 4 survivors (4096K)
 Metaspace       used 90689K, committed 91392K, reserved 1179648K
  class space    used 12611K, committed 12928K, reserved 1048576K
}
Event: 80.383 GC heap after
{Heap after GC invocations=53 (full 0):
 garbage-first heap   total 130048K, used 86557K [0x0000000080000000, 0x0000000100000000)
  region size 1024K, 3 young (3072K), 3 survivors (3072K)
 Metaspace       used 90689K, committed 91392K, reserved 1179648K
  class space    used 12611K, committed 12928K, reserved 1048576K
}
Event: 113.092 GC heap before
{Heap before GC invocations=53 (full 0):
 garbage-first heap   total 130048K, used 111133K [0x0000000080000000, 0x0000000100000000)
  region size 1024K, 27 young (27648K), 3 survivors (3072K)
 Metaspace       used 92299K, committed 92992K, reserved 1179648K
  class space    used 12890K, committed 13248K, reserved 1048576K
}
Event: 113.123 GC heap after
{Heap after GC invocations=54 (full 0):
 garbage-first heap   total 130048K, used 87911K [0x0000000080000000, 0x0000000100000000)
  region size 1024K, 3 young (3072K), 3 survivors (3072K)
 Metaspace       used 92299K, committed 92992K, reserved 1179648K
  class space    used 12890K, committed 13248K, reserved 1048576K
}
Event: 116.985 GC heap before
{Heap before GC invocations=55 (full 0):
 garbage-first heap   total 158720K, used 108391K [0x0000000080000000, 0x0000000100000000)
  region size 1024K, 23 young (23552K), 3 survivors (3072K)
 Metaspace       used 92568K, committed 93248K, reserved 1179648K
  class space    used 12895K, committed 13248K, reserved 1048576K
}
Event: 117.014 GC heap after
{Heap after GC invocations=56 (full 0):
 garbage-first heap   total 158720K, used 90187K [0x0000000080000000, 0x0000000100000000)
  region size 1024K, 3 young (3072K), 3 survivors (3072K)
 Metaspace       used 92568K, committed 93248K, reserved 1179648K
  class space    used 12895K, committed 13248K, reserved 1048576K
}
Event: 117.774 GC heap before
{Heap before GC invocations=56 (full 0):
 garbage-first heap   total 158720K, used 93259K [0x0000000080000000, 0x0000000100000000)
  region size 1024K, 7 young (7168K), 3 survivors (3072K)
 Metaspace       used 92613K, committed 93376K, reserved 1179648K
  class space    used 12895K, committed 13248K, reserved 1048576K
}
Event: 117.804 GC heap after
{Heap after GC invocations=57 (full 0):
 garbage-first heap   total 158720K, used 90277K [0x0000000080000000, 0x0000000100000000)
  region size 1024K, 1 young (1024K), 1 survivors (1024K)
 Metaspace       used 92613K, committed 93376K, reserved 1179648K
  class space    used 12895K, committed 13248K, reserved 1048576K
}

